<?xml version="1.0" encoding="utf-8" standalone="no"?>
<!--This file represents the results of running a test suite-->
<test-results name="C:\Users\Maria Kochetygova\Source\Repos\CSYE-62024\ClassLibraryNunit\bin\Debug\ClassLibraryNunit.dll" total="3" errors="0" failures="0" not-run="0" inconclusive="0" ignored="0" skipped="0" invalid="0" date="2015-12-18" time="11:36:10">
  <environment nunit-version="2.6.4.14350" clr-version="2.0.50727.8670" os-version="Microsoft Windows NT 6.2.9200.0" platform="Win32NT" cwd="C:\Program Files (x86)\NUnit 2.6.4\bin" machine-name="DESKTOP-7H6N81I" user="Maria Kochetygova" user-domain="DESKTOP-7H6N81I" />
  <culture-info current-culture="en-US" current-uiculture="en-US" />
  <test-suite type="Assembly" name="C:\Users\Maria Kochetygova\Source\Repos\CSYE-62024\ClassLibraryNunit\bin\Debug\ClassLibraryNunit.dll" executed="True" result="Success" success="True" time="0.141" asserts="0">
    <results>
      <test-suite type="Namespace" name="FinalProjectTest" executed="True" result="Success" success="True" time="0.138" asserts="0">
        <results>
          <test-suite type="TestFixture" name="WhenRunningFinalProject" executed="True" result="Success" success="True" time="0.135" asserts="0">
            <results>
              <test-case name="FinalProjectTest.WhenRunningFinalProject.When_LoadDoctors_CorrectPathEntered_ResultShouldBeBindingListDoctors" executed="True" result="Success" success="True" time="0.000" asserts="1" />
              <test-case name="FinalProjectTest.WhenRunningFinalProject.When_LoadPatients_CorrectPathEntered_ResultShouldBeBindingListPatients" executed="True" result="Success" success="True" time="0.000" asserts="1" />
              <test-case name="FinalProjectTest.WhenRunningFinalProject.When_LoadPatients_WrongPathEntered_ResultShouldBeNull" executed="True" result="Success" success="True" time="0.000" asserts="1" />
            </results>
          </test-suite>
        </results>
      </test-suite>
    </results>
  </test-suite>
</test-results>